[debug] [2026-03-29T23:59:15.387Z] ----------------------------------------------------------------------
[debug] [2026-03-29T23:59:15.388Z] Command:       /usr/local/bin/node /Users/sanjaynegi/.npm/_npx/7750544ccf494d8b/node_modules/.bin/firebase deploy --project rp-site-11597 --only functions,hosting
[debug] [2026-03-29T23:59:15.389Z] CLI Version:   15.12.0
[debug] [2026-03-29T23:59:15.389Z] Platform:      darwin
[debug] [2026-03-29T23:59:15.389Z] Node Version:  v24.14.0
[debug] [2026-03-29T23:59:15.389Z] Time:          Mon Mar 30 2026 05:29:15 GMT+0530 (India Standard Time)
[debug] [2026-03-29T23:59:15.389Z] ----------------------------------------------------------------------
[debug] 
[debug] [2026-03-29T23:59:16.087Z] > command requires scopes: ["email","openid","https://www.googleapis.com/auth/cloudplatformprojects.readonly","https://www.googleapis.com/auth/firebase","https://www.googleapis.com/auth/cloud-platform"]
[debug] [2026-03-29T23:59:16.087Z] > authorizing via signed-in user (sanjay.negi1985@gmail.com)
[debug] [2026-03-29T23:59:16.087Z] [iam] checking project rp-site-11597 for permissions ["cloudfunctions.functions.create","cloudfunctions.functions.delete","cloudfunctions.functions.get","cloudfunctions.functions.list","cloudfunctions.functions.update","cloudfunctions.operations.get","firebase.projects.get","firebasehosting.sites.update"]
[debug] [2026-03-29T23:59:16.088Z] Checked if tokens are valid: true, expires at: 1774830791769
[debug] [2026-03-29T23:59:16.088Z] Checked if tokens are valid: true, expires at: 1774830791769
[debug] [2026-03-29T23:59:16.088Z] >>> [apiv2][query] POST https://cloudresourcemanager.googleapis.com/v1/projects/rp-site-11597:testIamPermissions [none]
[debug] [2026-03-29T23:59:16.088Z] >>> [apiv2][(partial)header] POST https://cloudresourcemanager.googleapis.com/v1/projects/rp-site-11597:testIamPermissions  x-goog-user-project=rp-site-11597
[debug] [2026-03-29T23:59:16.088Z] >>> [apiv2][body] POST https://cloudresourcemanager.googleapis.com/v1/projects/rp-site-11597:testIamPermissions {"permissions":["cloudfunctions.functions.create","cloudfunctions.functions.delete","cloudfunctions.functions.get","cloudfunctions.functions.list","cloudfunctions.functions.update","cloudfunctions.operations.get","firebase.projects.get","firebasehosting.sites.update"]}
[debug] [2026-03-29T23:59:17.443Z] <<< [apiv2][status] POST https://cloudresourcemanager.googleapis.com/v1/projects/rp-site-11597:testIamPermissions 200
[debug] [2026-03-29T23:59:17.444Z] <<< [apiv2][body] POST https://cloudresourcemanager.googleapis.com/v1/projects/rp-site-11597:testIamPermissions {"permissions":["cloudfunctions.functions.create","cloudfunctions.functions.delete","cloudfunctions.functions.get","cloudfunctions.functions.list","cloudfunctions.functions.update","cloudfunctions.operations.get","firebase.projects.get","firebasehosting.sites.update"]}
[debug] [2026-03-29T23:59:17.444Z] Checked if tokens are valid: true, expires at: 1774830791769
[debug] [2026-03-29T23:59:17.444Z] Checked if tokens are valid: true, expires at: 1774830791769
[debug] [2026-03-29T23:59:17.445Z] >>> [apiv2][query] POST https://iam.googleapis.com/v1/projects/rp-site-11597/serviceAccounts/rp-site-11597@appspot.gserviceaccount.com:testIamPermissions [none]
[debug] [2026-03-29T23:59:17.445Z] >>> [apiv2][body] POST https://iam.googleapis.com/v1/projects/rp-site-11597/serviceAccounts/rp-site-11597@appspot.gserviceaccount.com:testIamPermissions {"permissions":["iam.serviceAccounts.actAs"]}
[debug] [2026-03-29T23:59:19.122Z] <<< [apiv2][status] POST https://iam.googleapis.com/v1/projects/rp-site-11597/serviceAccounts/rp-site-11597@appspot.gserviceaccount.com:testIamPermissions 200
[debug] [2026-03-29T23:59:19.122Z] <<< [apiv2][body] POST https://iam.googleapis.com/v1/projects/rp-site-11597/serviceAccounts/rp-site-11597@appspot.gserviceaccount.com:testIamPermissions {"permissions":["iam.serviceAccounts.actAs"]}
[debug] [2026-03-29T23:59:19.123Z] Checked if tokens are valid: true, expires at: 1774830791769
[debug] [2026-03-29T23:59:19.123Z] Checked if tokens are valid: true, expires at: 1774830791769
[debug] [2026-03-29T23:59:19.124Z] >>> [apiv2][query] GET https://firebase.googleapis.com/v1beta1/projects/rp-site-11597 [none]
[debug] [2026-03-29T23:59:19.748Z] <<< [apiv2][status] GET https://firebase.googleapis.com/v1beta1/projects/rp-site-11597 200
[debug] [2026-03-29T23:59:19.748Z] <<< [apiv2][body] GET https://firebase.googleapis.com/v1beta1/projects/rp-site-11597 {"projectId":"rp-site-11597","projectNumber":"49475822003","displayName":"rp-site","name":"projects/rp-site-11597","resources":{"hostingSite":"rp-site-11597"},"state":"ACTIVE","etag":"1_aa2edf8e-927a-4faa-9f37-0a50428dfb64"}
[info] 
[info] === Deploying to 'rp-site-11597'...
[info] 
[info] i  deploying functions, hosting 
[debug] [2026-03-29T23:59:19.751Z] Checked if tokens are valid: true, expires at: 1774830791769
[debug] [2026-03-29T23:59:19.751Z] Checked if tokens are valid: true, expires at: 1774830791769
[debug] [2026-03-29T23:59:19.751Z] >>> [apiv2][query] GET https://cloudresourcemanager.googleapis.com/v1/projects/rp-site-11597 [none]
[debug] [2026-03-29T23:59:20.074Z] <<< [apiv2][status] GET https://cloudresourcemanager.googleapis.com/v1/projects/rp-site-11597 200
[debug] [2026-03-29T23:59:20.074Z] <<< [apiv2][body] GET https://cloudresourcemanager.googleapis.com/v1/projects/rp-site-11597 {"projectNumber":"49475822003","projectId":"rp-site-11597","lifecycleState":"ACTIVE","name":"rp-site","labels":{"firebase":"enabled","firebase-core":"disabled"},"createTime":"2026-03-29T16:59:47.349Z"}
[info] i  functions: preparing codebase default for deployment 
[info] i  functions: ensuring required API cloudfunctions.googleapis.com is enabled... 
[info] i  functions: ensuring required API cloudbuild.googleapis.com is enabled... 
[info] i  artifactregistry: ensuring required API artifactregistry.googleapis.com is enabled... 
[debug] [2026-03-29T23:59:20.076Z] Checked if tokens are valid: true, expires at: 1774830791769
[debug] [2026-03-29T23:59:20.076Z] Checked if tokens are valid: true, expires at: 1774830791769
[debug] [2026-03-29T23:59:20.076Z] >>> [apiv2][query] GET https://firebase.googleapis.com/v1beta1/projects/rp-site-11597/adminSdkConfig [none]
[debug] [2026-03-29T23:59:20.693Z] <<< [apiv2][status] GET https://firebase.googleapis.com/v1beta1/projects/rp-site-11597/adminSdkConfig 200
[debug] [2026-03-29T23:59:20.694Z] <<< [apiv2][body] GET https://firebase.googleapis.com/v1beta1/projects/rp-site-11597/adminSdkConfig {"projectId":"rp-site-11597","storageBucket":"rp-site-11597.firebasestorage.app"}
[debug] [2026-03-29T23:59:20.694Z] Checked if tokens are valid: true, expires at: 1774830791769
[debug] [2026-03-29T23:59:20.694Z] Checked if tokens are valid: true, expires at: 1774830791769
[debug] [2026-03-29T23:59:20.694Z] >>> [apiv2][query] GET https://runtimeconfig.googleapis.com/v1beta1/projects/rp-site-11597/configs [none]
[debug] [2026-03-29T23:59:21.937Z] <<< [apiv2][status] GET https://runtimeconfig.googleapis.com/v1beta1/projects/rp-site-11597/configs 200
[debug] [2026-03-29T23:59:21.938Z] <<< [apiv2][body] GET https://runtimeconfig.googleapis.com/v1beta1/projects/rp-site-11597/configs {}
[debug] [2026-03-29T23:59:21.938Z] Validating nodejs source
[warn] ⚠  functions: Runtime Node.js 20 will be deprecated on 2026-04-30 and will be decommissioned on 2026-10-30, after which you will not be able to deploy without upgrading. Consider upgrading now to avoid disruption. See https://cloud.google.com/functions/docs/runtime-support for full details on the lifecycle policy 
[debug] [2026-03-29T23:59:22.538Z] > [functions] package.json contents: {
  "name": "backend",
  "version": "1.0.0",
  "description": "",
  "main": "server.js",
  "engines": {
    "node": "20"
  },
  "scripts": {
    "start": "node server.js",
    "dev": "nodemon server.js"
  },
  "keywords": [],
  "author": "",
  "license": "ISC",
  "type": "commonjs",
  "dependencies": {
    "bcryptjs": "^3.0.3",
    "cors": "^2.8.6",
    "dotenv": "^17.3.1",
    "express": "^5.2.1",
    "firebase-admin": "^12.7.0",
    "firebase-functions": "^7.2.2",
    "jsonwebtoken": "^9.0.3",
    "mongoose": "^9.3.3",
    "multer": "^2.1.1"
  },
  "devDependencies": {
    "mongodb-memory-server": "^11.0.1",
    "nodemon": "^3.1.14"
  }
}
[debug] [2026-03-29T23:59:22.539Z] Building nodejs source
[info] i  functions: Loading and analyzing source code for codebase default to determine what to deploy 
[debug] [2026-03-29T23:59:22.539Z] Could not find functions.yaml. Must use http discovery
[debug] [2026-03-29T23:59:22.544Z] Found firebase-functions binary at '/Users/sanjaynegi/sanjayprogram/ag_program/backend/node_modules/.bin/firebase-functions'
[info] Serving at port 8196

[info] [dotenv@17.3.1] injecting env (2) from .env -- tip: ⚙️  suppress all logs with { quiet: true }

[info] Firebase Redeploy Trigger: 1774828762959

[info] Server running locally on port 8196

[debug] [2026-03-29T23:59:22.961Z] Got response from /__/functions.yaml {"endpoints":{"api":{"availableMemoryMb":null,"timeoutSeconds":null,"minInstances":null,"maxInstances":null,"ingressSettings":null,"concurrency":null,"serviceAccountEmail":null,"vpc":null,"platform":"gcfv2","region":["us-central1"],"labels":{},"httpsTrigger":{},"entryPoint":"api"}},"specVersion":"v1alpha1","requiredAPIs":[],"extensions":{}}
[info] MongoDB Connected: ac-quaivs5-shard-00-01.5tc04st.mongodb.net

[info] i  extensions: ensuring required API firebaseextensions.googleapis.com is enabled... 
[debug] [2026-03-29T23:59:32.986Z] > command requires scopes: ["email","openid","https://www.googleapis.com/auth/cloudplatformprojects.readonly","https://www.googleapis.com/auth/firebase","https://www.googleapis.com/auth/cloud-platform"]
[debug] [2026-03-29T23:59:32.987Z] > authorizing via signed-in user (sanjay.negi1985@gmail.com)
[debug] [2026-03-29T23:59:32.987Z] [iam] checking project rp-site-11597 for permissions ["firebase.projects.get","firebaseextensions.instances.list"]
[debug] [2026-03-29T23:59:32.987Z] Checked if tokens are valid: true, expires at: 1774830791769
[debug] [2026-03-29T23:59:32.987Z] Checked if tokens are valid: true, expires at: 1774830791769
[debug] [2026-03-29T23:59:32.987Z] >>> [apiv2][query] POST https://cloudresourcemanager.googleapis.com/v1/projects/rp-site-11597:testIamPermissions [none]
[debug] [2026-03-29T23:59:32.987Z] >>> [apiv2][(partial)header] POST https://cloudresourcemanager.googleapis.com/v1/projects/rp-site-11597:testIamPermissions  x-goog-user-project=rp-site-11597
[debug] [2026-03-29T23:59:32.987Z] >>> [apiv2][body] POST https://cloudresourcemanager.googleapis.com/v1/projects/rp-site-11597:testIamPermissions {"permissions":["firebase.projects.get","firebaseextensions.instances.list"]}
[debug] [2026-03-29T23:59:34.452Z] <<< [apiv2][status] POST https://cloudresourcemanager.googleapis.com/v1/projects/rp-site-11597:testIamPermissions 200
[debug] [2026-03-29T23:59:34.452Z] <<< [apiv2][body] POST https://cloudresourcemanager.googleapis.com/v1/projects/rp-site-11597:testIamPermissions {"permissions":["firebase.projects.get","firebaseextensions.instances.list"]}
[debug] [2026-03-29T23:59:34.452Z] Checked if tokens are valid: true, expires at: 1774830791769
[debug] [2026-03-29T23:59:34.452Z] Checked if tokens are valid: true, expires at: 1774830791769
[debug] [2026-03-29T23:59:34.453Z] >>> [apiv2][query] GET https://firebaseextensions.googleapis.com/v1beta/projects/rp-site-11597/instances pageSize=100&pageToken=
[debug] [2026-03-29T23:59:36.081Z] <<< [apiv2][status] GET https://firebaseextensions.googleapis.com/v1beta/projects/rp-site-11597/instances 200
[debug] [2026-03-29T23:59:36.081Z] <<< [apiv2][body] GET https://firebaseextensions.googleapis.com/v1beta/projects/rp-site-11597/instances {}
[info] i  functions: Loaded environment variables from .env. 
[info] i  functions: preparing backend directory for uploading... 
[info] i  functions: packaged /Users/sanjaynegi/sanjayprogram/ag_program/backend (55.05 KB) for uploading 
[debug] [2026-03-29T23:59:36.122Z] Checked if tokens are valid: true, expires at: 1774830791769
[debug] [2026-03-29T23:59:36.122Z] Checked if tokens are valid: true, expires at: 1774830791769
[debug] [2026-03-29T23:59:36.122Z] >>> [apiv2][query] GET https://cloudfunctions.googleapis.com/v1/projects/rp-site-11597/locations/-/functions [none]
[debug] [2026-03-29T23:59:36.975Z] <<< [apiv2][status] GET https://cloudfunctions.googleapis.com/v1/projects/rp-site-11597/locations/-/functions 200
[debug] [2026-03-29T23:59:36.975Z] <<< [apiv2][body] GET https://cloudfunctions.googleapis.com/v1/projects/rp-site-11597/locations/-/functions {}
[debug] [2026-03-29T23:59:36.976Z] Checked if tokens are valid: true, expires at: 1774830791769
[debug] [2026-03-29T23:59:36.976Z] Checked if tokens are valid: true, expires at: 1774830791769
[debug] [2026-03-29T23:59:36.976Z] >>> [apiv2][query] GET https://cloudfunctions.googleapis.com/v2/projects/rp-site-11597/locations/-/functions filter=environment%3D%22GEN_2%22
[debug] [2026-03-29T23:59:38.770Z] <<< [apiv2][status] GET https://cloudfunctions.googleapis.com/v2/projects/rp-site-11597/locations/-/functions 200
[debug] [2026-03-29T23:59:38.770Z] <<< [apiv2][body] GET https://cloudfunctions.googleapis.com/v2/projects/rp-site-11597/locations/-/functions {"functions":[{"name":"projects/rp-site-11597/locations/us-central1/functions/api","buildConfig":{"build":"projects/49475822003/locations/us-central1/builds/5fe29399-1505-430e-9435-49e560a9a799","runtime":"nodejs20","entryPoint":"api","source":{"storageSource":{"bucket":"gcf-v2-sources-49475822003-us-central1","object":"api/function-source.zip","generation":"1774827972880858"}},"environmentVariables":{"GOOGLE_NODE_RUN_SCRIPTS":""},"dockerRepository":"projects/rp-site-11597/locations/us-central1/repositories/gcf-artifacts","sourceProvenance":{"resolvedStorageSource":{"bucket":"gcf-v2-sources-49475822003-us-central1","object":"api/function-source.zip","generation":"1774827972880858"}},"dockerRegistry":"ARTIFACT_REGISTRY","serviceAccount":"projects/rp-site-11597/serviceAccounts/49475822003-compute@developer.gserviceaccount.com","automaticUpdatePolicy":{}},"serviceConfig":{"service":"projects/rp-site-11597/locations/us-central1/services/api","timeoutSeconds":60,"environmentVariables":{"MONGO_URI":"mongodb+srv://sanjaynegi1985_db_user:q2tP0dmcpEsUAuZZ@rp-45.5tc04st.mongodb.net/?appName=rp-45","JWT_SECRET":"supersecret_jwt_key_royal_presidency","FIREBASE_CONFIG":"{\"projectId\":\"rp-site-11597\",\"storageBucket\":\"rp-site-11597.firebasestorage.app\"}","GCLOUD_PROJECT":"rp-site-11597","EVENTARC_CLOUD_EVENT_SOURCE":"projects/rp-site-11597/locations/us-central1/services/api","FUNCTION_TARGET":"api","LOG_EXECUTION_ID":"true"},"maxInstanceCount":20,"ingressSettings":"ALLOW_ALL","uri":"https://api-7o6kmgwzya-uc.a.run.app","serviceAccountEmail":"49475822003-compute@developer.gserviceaccount.com","availableMemory":"256Mi","allTrafficOnLatestRevision":true,"revision":"api-00013-vey","maxInstanceRequestConcurrency":80,"availableCpu":"1"},"state":"ACTIVE","updateTime":"2026-03-29T23:47:13.122426701Z","labels":{"deployment-tool":"cli-firebase","firebase-functions-hash":"0df9dade90cf7f81a834060d51e4daaa4cf84b06"},"environment":"GEN_2","url":"https://us-central1-rp-site-11597.cloudfunctions.net/api","createTime":"2026-03-29T21:18:38.412451920Z","satisfiesPzi":true}]}
[info] i  functions: ensuring required API run.googleapis.com is enabled... 
[info] i  functions: ensuring required API eventarc.googleapis.com is enabled... 
[info] i  functions: ensuring required API pubsub.googleapis.com is enabled... 
[info] i  functions: ensuring required API storage.googleapis.com is enabled... 
[info] i  functions: generating the service identity for pubsub.googleapis.com... 
[debug] [2026-03-29T23:59:38.774Z] Checked if tokens are valid: true, expires at: 1774830791769
[debug] [2026-03-29T23:59:38.774Z] Checked if tokens are valid: true, expires at: 1774830791769
[info] i  functions: generating the service identity for eventarc.googleapis.com... 
[debug] [2026-03-29T23:59:38.774Z] Checked if tokens are valid: true, expires at: 1774830791769
[debug] [2026-03-29T23:59:38.774Z] Checked if tokens are valid: true, expires at: 1774830791769
[debug] [2026-03-29T23:59:38.774Z] >>> [apiv2][query] POST https://serviceusage.googleapis.com/v1beta1/projects/49475822003/services/pubsub.googleapis.com:generateServiceIdentity [none]
[debug] [2026-03-29T23:59:38.774Z] >>> [apiv2][(partial)header] POST https://serviceusage.googleapis.com/v1beta1/projects/49475822003/services/pubsub.googleapis.com:generateServiceIdentity  x-goog-user-project=49475822003
[debug] [2026-03-29T23:59:38.774Z] >>> [apiv2][body] POST https://serviceusage.googleapis.com/v1beta1/projects/49475822003/services/pubsub.googleapis.com:generateServiceIdentity {}
[debug] [2026-03-29T23:59:38.776Z] >>> [apiv2][query] POST https://serviceusage.googleapis.com/v1beta1/projects/49475822003/services/eventarc.googleapis.com:generateServiceIdentity [none]
[debug] [2026-03-29T23:59:38.776Z] >>> [apiv2][(partial)header] POST https://serviceusage.googleapis.com/v1beta1/projects/49475822003/services/eventarc.googleapis.com:generateServiceIdentity  x-goog-user-project=49475822003
[debug] [2026-03-29T23:59:38.776Z] >>> [apiv2][body] POST https://serviceusage.googleapis.com/v1beta1/projects/49475822003/services/eventarc.googleapis.com:generateServiceIdentity {}
[debug] [2026-03-29T23:59:40.609Z] <<< [apiv2][status] POST https://serviceusage.googleapis.com/v1beta1/projects/49475822003/services/pubsub.googleapis.com:generateServiceIdentity 200
[debug] [2026-03-29T23:59:40.610Z] <<< [apiv2][body] POST https://serviceusage.googleapis.com/v1beta1/projects/49475822003/services/pubsub.googleapis.com:generateServiceIdentity {"name":"operations/finished.DONE_OPERATION","done":true,"response":{"@type":"type.googleapis.com/google.api.serviceusage.v1beta1.ServiceIdentity","email":"service-49475822003@gcp-sa-pubsub.iam.gserviceaccount.com","uniqueId":"104990782882871668869"}}
[debug] [2026-03-29T23:59:40.817Z] <<< [apiv2][status] POST https://serviceusage.googleapis.com/v1beta1/projects/49475822003/services/eventarc.googleapis.com:generateServiceIdentity 200
[debug] [2026-03-29T23:59:40.817Z] <<< [apiv2][body] POST https://serviceusage.googleapis.com/v1beta1/projects/49475822003/services/eventarc.googleapis.com:generateServiceIdentity {"name":"operations/finished.DONE_OPERATION","done":true,"response":{"@type":"type.googleapis.com/google.api.serviceusage.v1beta1.ServiceIdentity","email":"service-49475822003@gcp-sa-eventarc.iam.gserviceaccount.com","uniqueId":"109768102833347607563"}}
[debug] [2026-03-29T23:59:40.820Z] Checked if tokens are valid: true, expires at: 1774830791769
[debug] [2026-03-29T23:59:40.820Z] Checked if tokens are valid: true, expires at: 1774830791769
[debug] [2026-03-29T23:59:40.820Z] >>> [apiv2][query] GET https://cloudresourcemanager.googleapis.com/v1/projects/rp-site-11597 [none]
[debug] [2026-03-29T23:59:42.300Z] <<< [apiv2][status] GET https://cloudresourcemanager.googleapis.com/v1/projects/rp-site-11597 200
[debug] [2026-03-29T23:59:42.300Z] <<< [apiv2][body] GET https://cloudresourcemanager.googleapis.com/v1/projects/rp-site-11597 {"projectNumber":"49475822003","projectId":"rp-site-11597","lifecycleState":"ACTIVE","name":"rp-site","labels":{"firebase":"enabled","firebase-core":"disabled"},"createTime":"2026-03-29T16:59:47.349Z"}
[debug] [2026-03-29T23:59:42.301Z] Checked if tokens are valid: true, expires at: 1774830791769
[debug] [2026-03-29T23:59:42.301Z] Checked if tokens are valid: true, expires at: 1774830791769
[debug] [2026-03-29T23:59:42.301Z] >>> [apiv2][query] GET https://compute.googleapis.com/compute/v1/projects/49475822003 [none]
[debug] [2026-03-29T23:59:42.747Z] <<< [apiv2][status] GET https://compute.googleapis.com/compute/v1/projects/49475822003 403
[debug] [2026-03-29T23:59:42.747Z] <<< [apiv2][body] GET https://compute.googleapis.com/compute/v1/projects/49475822003 {"error":{"code":403,"message":"Compute Engine API has not been used in project 49475822003 before or it is disabled. Enable it by visiting https://console.developers.google.com/apis/api/compute.googleapis.com/overview?project=49475822003 then retry. If you enabled this API recently, wait a few minutes for the action to propagate to our systems and retry.","errors":[{"message":"Compute Engine API has not been used in project 49475822003 before or it is disabled. Enable it by visiting https://console.developers.google.com/apis/api/compute.googleapis.com/overview?project=49475822003 then retry. If you enabled this API recently, wait a few minutes for the action to propagate to our systems and retry.","domain":"usageLimits","reason":"accessNotConfigured","extendedHelp":"https://console.developers.google.com"}],"status":"PERMISSION_DENIED","details":[{"@type":"type.googleapis.com/google.rpc.ErrorInfo","reason":"SERVICE_DISABLED","domain":"googleapis.com","metadata":{"activationUrl":"https://console.developers.google.com/apis/api/compute.googleapis.com/overview?project=49475822003","service":"compute.googleapis.com","serviceTitle":"Compute Engine API","consumer":"projects/49475822003","containerInfo":"49475822003"}},{"@type":"type.googleapis.com/google.rpc.LocalizedMessage","locale":"en-US","message":"Compute Engine API has not been used in project 49475822003 before or it is disabled. Enable it by visiting https://console.developers.google.com/apis/api/compute.googleapis.com/overview?project=49475822003 then retry. If you enabled this API recently, wait a few minutes for the action to propagate to our systems and retry."},{"@type":"type.googleapis.com/google.rpc.Help","links":[{"description":"Google developers console API activation","url":"https://console.developers.google.com/apis/api/compute.googleapis.com/overview?project=49475822003"}]}]}}
[debug] [2026-03-29T23:59:42.749Z] unable to look up default compute service account. Falling back to 49475822003-compute@developer.gserviceaccount.com. Error: {"name":"FirebaseError","children":[],"context":{"body":{"error":{"code":403,"message":"Compute Engine API has not been used in project 49475822003 before or it is disabled. Enable it by visiting https://console.developers.google.com/apis/api/compute.googleapis.com/overview?project=49475822003 then retry. If you enabled this API recently, wait a few minutes for the action to propagate to our systems and retry.","errors":[{"message":"Compute Engine API has not been used in project 49475822003 before or it is disabled. Enable it by visiting https://console.developers.google.com/apis/api/compute.googleapis.com/overview?project=49475822003 then retry. If you enabled this API recently, wait a few minutes for the action to propagate to our systems and retry.","domain":"usageLimits","reason":"accessNotConfigured","extendedHelp":"https://console.developers.google.com"}],"status":"PERMISSION_DENIED","details":[{"@type":"type.googleapis.com/google.rpc.ErrorInfo","reason":"SERVICE_DISABLED","domain":"googleapis.com","metadata":{"activationUrl":"https://console.developers.google.com/apis/api/compute.googleapis.com/overview?project=49475822003","service":"compute.googleapis.com","serviceTitle":"Compute Engine API","consumer":"projects/49475822003","containerInfo":"49475822003"}},{"@type":"type.googleapis.com/google.rpc.LocalizedMessage","locale":"en-US","message":"Compute Engine API has not been used in project 49475822003 before or it is disabled. Enable it by visiting https://console.developers.google.com/apis/api/compute.googleapis.com/overview?project=49475822003 then retry. If you enabled this API recently, wait a few minutes for the action to propagate to our systems and retry."},{"@type":"type.googleapis.com/google.rpc.Help","links":[{"description":"Google developers console API activation","url":"https://console.developers.google.com/apis/api/compute.googleapis.com/overview?project=49475822003"}]}]}},"response":{"statusCode":403}},"exit":1,"message":"Request to https://compute.googleapis.com/compute/v1/projects/49475822003 had HTTP Error: 403, Compute Engine API has not been used in project 49475822003 before or it is disabled. Enable it by visiting https://console.developers.google.com/apis/api/compute.googleapis.com/overview?project=49475822003 then retry. If you enabled this API recently, wait a few minutes for the action to propagate to our systems and retry.","status":403}
[debug] [2026-03-29T23:59:42.752Z] Checked if tokens are valid: true, expires at: 1774830791769
[debug] [2026-03-29T23:59:42.752Z] Checked if tokens are valid: true, expires at: 1774830791769
[debug] [2026-03-29T23:59:42.752Z] >>> [apiv2][query] POST https://firebasehosting.googleapis.com/v1beta1/projects/-/sites/rp-site-11597/versions [none]
[debug] [2026-03-29T23:59:42.752Z] >>> [apiv2][body] POST https://firebasehosting.googleapis.com/v1beta1/projects/-/sites/rp-site-11597/versions {"status":"CREATED","labels":{"deployment-tool":"cli-firebase"}}
[debug] [2026-03-29T23:59:44.637Z] <<< [apiv2][status] POST https://firebasehosting.googleapis.com/v1beta1/projects/-/sites/rp-site-11597/versions 200
[debug] [2026-03-29T23:59:44.638Z] <<< [apiv2][body] POST https://firebasehosting.googleapis.com/v1beta1/projects/-/sites/rp-site-11597/versions {"name":"projects/49475822003/sites/rp-site-11597/versions/1749861d6f8d6426","status":"CREATED","config":{},"labels":{"deployment-tool":"cli-firebase"}}
[debug] [2026-03-29T23:59:44.639Z] Checked if tokens are valid: true, expires at: 1774830791769
[debug] [2026-03-29T23:59:44.639Z] Checked if tokens are valid: true, expires at: 1774830791769
[debug] [2026-03-29T23:59:44.639Z] >>> [apiv2][query] GET https://cloudbilling.googleapis.com/v1/projects/rp-site-11597/billingInfo [none]
[debug] [2026-03-29T23:59:46.191Z] <<< [apiv2][status] GET https://cloudbilling.googleapis.com/v1/projects/rp-site-11597/billingInfo 200
[debug] [2026-03-29T23:59:46.191Z] <<< [apiv2][body] GET https://cloudbilling.googleapis.com/v1/projects/rp-site-11597/billingInfo {"name":"projects/rp-site-11597/billingInfo","projectId":"rp-site-11597","billingAccountName":"billingAccounts/0166EF-234842-FFC829","billingEnabled":true}
[debug] [2026-03-29T23:59:46.194Z] Checked if tokens are valid: true, expires at: 1774830791769
[debug] [2026-03-29T23:59:46.194Z] Checked if tokens are valid: true, expires at: 1774830791769
[debug] [2026-03-29T23:59:46.194Z] >>> [apiv2][query] POST https://cloudfunctions.googleapis.com/v2/projects/rp-site-11597/locations/us-central1/functions:generateUploadUrl [none]
[debug] [2026-03-29T23:59:47.756Z] <<< [apiv2][status] POST https://cloudfunctions.googleapis.com/v2/projects/rp-site-11597/locations/us-central1/functions:generateUploadUrl 200
[debug] [2026-03-29T23:59:47.757Z] <<< [apiv2][body] POST https://cloudfunctions.googleapis.com/v2/projects/rp-site-11597/locations/us-central1/functions:generateUploadUrl {"uploadUrl":"https://storage.googleapis.com/gcf-v2-uploads-49475822003.us-central1.cloudfunctions.appspot.com/09ea1d15-f9c1-47ea-9f2d-88cc5845ae36.zip?GoogleAccessId=service-49475822003@gcf-admin-robot.iam.gserviceaccount.com&Expires=1774830587&Signature=AvfFBqrcnHWsUizAI9hmjRMceGQYCejsCoZ1m61xBNllWuSncNsXHWkklc8fR8tfNuUFIviXcvSxx3P7ba79Ozksvq19S2WdTCZpxVX1HkYeYZPOUibtBo6u2bAgQH8aYOFFXYDEZNAk4ETKPzNMkkMT7F0s7pW5hAG74Fu%2B%2F1teTEemDzWOLoQZLJj0ZzkgtzfljUbBP8%2Ft1Iohb2y2E5u8eBOrPzfqNl2Sh1hwxDfe7NlmHziHiRb2cit0PtcEjUtsM1wWEhNRha6yQzCtinUrYmMu%2Fdd%2BNMvW%2FkPObOqBXBa7tOC7PwRuZF83viDUhOIzNcJ75seMF0Y%2BX%2FHHzw%3D%3D","storageSource":{"bucket":"gcf-v2-uploads-49475822003.us-central1.cloudfunctions.appspot.com","object":"09ea1d15-f9c1-47ea-9f2d-88cc5845ae36.zip"}}
[debug] [2026-03-29T23:59:47.758Z] >>> [apiv2][query] PUT https://storage.googleapis.com/gcf-v2-uploads-49475822003.us-central1.cloudfunctions.appspot.com/09ea1d15-f9c1-47ea-9f2d-88cc5845ae36.zip GoogleAccessId=service-49475822003%40gcf-admin-robot.iam.gserviceaccount.com&Expires=1774830587&Signature=AvfFBqrcnHWsUizAI9hmjRMceGQYCejsCoZ1m61xBNllWuSncNsXHWkklc8fR8tfNuUFIviXcvSxx3P7ba79Ozksvq19S2WdTCZpxVX1HkYeYZPOUibtBo6u2bAgQH8aYOFFXYDEZNAk4ETKPzNMkkMT7F0s7pW5hAG74Fu%2B%2F1teTEemDzWOLoQZLJj0ZzkgtzfljUbBP8%2Ft1Iohb2y2E5u8eBOrPzfqNl2Sh1hwxDfe7NlmHziHiRb2cit0PtcEjUtsM1wWEhNRha6yQzCtinUrYmMu%2Fdd%2BNMvW%2FkPObOqBXBa7tOC7PwRuZF83viDUhOIzNcJ75seMF0Y%2BX%2FHHzw%3D%3D
[debug] [2026-03-29T23:59:47.758Z] >>> [apiv2][body] PUT https://storage.googleapis.com/gcf-v2-uploads-49475822003.us-central1.cloudfunctions.appspot.com/09ea1d15-f9c1-47ea-9f2d-88cc5845ae36.zip [stream]
[debug] [2026-03-29T23:59:49.917Z] <<< [apiv2][status] PUT https://storage.googleapis.com/gcf-v2-uploads-49475822003.us-central1.cloudfunctions.appspot.com/09ea1d15-f9c1-47ea-9f2d-88cc5845ae36.zip 200
[debug] [2026-03-29T23:59:49.917Z] <<< [apiv2][body] PUT https://storage.googleapis.com/gcf-v2-uploads-49475822003.us-central1.cloudfunctions.appspot.com/09ea1d15-f9c1-47ea-9f2d-88cc5845ae36.zip [omitted]
[info] ✔  functions: backend source uploaded successfully 
[info] i  hosting[rp-site-11597]: beginning deploy... 
[info] i  hosting[rp-site-11597]: found 5 files in royal-presidency-cghs/dist 
[debug] [2026-03-29T23:59:49.930Z] [hosting] uploading with 200 concurrency
[debug] [2026-03-29T23:59:49.947Z] Checked if tokens are valid: true, expires at: 1774830791769
[debug] [2026-03-29T23:59:49.947Z] Checked if tokens are valid: true, expires at: 1774830791769
[debug] [2026-03-29T23:59:49.948Z] [hosting] hash cache [cm95YWwtcHJlc2lkZW5jeS1jZ2hzL2Rpc3Q] stored for 5 files
[debug] [2026-03-29T23:59:49.948Z] [hosting][hash queue][FINAL] {"max":13,"min":3,"avg":5.4,"active":0,"complete":5,"success":5,"errored":0,"retried":0,"total":5,"elapsed":15}
[debug] [2026-03-29T23:59:49.948Z] >>> [apiv2][query] POST https://firebasehosting.googleapis.com/v1beta1/projects/49475822003/sites/rp-site-11597/versions/1749861d6f8d6426:populateFiles [none]
[debug] [2026-03-29T23:59:49.948Z] >>> [apiv2][body] POST https://firebasehosting.googleapis.com/v1beta1/projects/49475822003/sites/rp-site-11597/versions/1749861d6f8d6426:populateFiles {"files":{"/icons.svg":"cc5ba1c58a9496115441b46650182deb0169982e8a98d605d965ce966ff37184","/index.html":"fc263a60e04b3db705dcb4bcba765f82fbe8a97c7f1220c679573c27ca14b5e9","/favicon.svg":"788edd6150d134e492c161322ce727cbe86416ba61b8e132f332bd0772c804a5","/assets/index-QeXXJrqo.css":"e8859fb5d6cb9391d35c40da8961819daab78d1d66bd82159708dca38a188707","/assets/index-DwCtrA4V.js":"0858ad6d5801e100184bb8ab4b07ff5544254d8bbdfc10c86551413b7f2fbb1b"}}
[debug] [2026-03-29T23:59:51.418Z] <<< [apiv2][status] POST https://firebasehosting.googleapis.com/v1beta1/projects/49475822003/sites/rp-site-11597/versions/1749861d6f8d6426:populateFiles 200
[debug] [2026-03-29T23:59:51.418Z] <<< [apiv2][body] POST https://firebasehosting.googleapis.com/v1beta1/projects/49475822003/sites/rp-site-11597/versions/1749861d6f8d6426:populateFiles {"uploadRequiredHashes":["0858ad6d5801e100184bb8ab4b07ff5544254d8bbdfc10c86551413b7f2fbb1b","fc263a60e04b3db705dcb4bcba765f82fbe8a97c7f1220c679573c27ca14b5e9"],"uploadUrl":"https://upload-firebasehosting.googleapis.com/upload/sites/rp-site-11597/versions/1749861d6f8d6426/files"}
[debug] [2026-03-29T23:59:51.418Z] Checked if tokens are valid: true, expires at: 1774830791769
[debug] [2026-03-29T23:59:51.418Z] Checked if tokens are valid: true, expires at: 1774830791769
[debug] [2026-03-29T23:59:51.418Z] Checked if tokens are valid: true, expires at: 1774830791769
[debug] [2026-03-29T23:59:51.418Z] Checked if tokens are valid: true, expires at: 1774830791769
[debug] [2026-03-29T23:59:51.418Z] >>> [apiv2][query] POST https://upload-firebasehosting.googleapis.com/upload/sites/rp-site-11597/versions/1749861d6f8d6426/files/0858ad6d5801e100184bb8ab4b07ff5544254d8bbdfc10c86551413b7f2fbb1b [none]
[debug] [2026-03-29T23:59:51.418Z] >>> [apiv2][body] POST https://upload-firebasehosting.googleapis.com/upload/sites/rp-site-11597/versions/1749861d6f8d6426/files/0858ad6d5801e100184bb8ab4b07ff5544254d8bbdfc10c86551413b7f2fbb1b [stream]
[debug] [2026-03-29T23:59:51.419Z] >>> [apiv2][query] POST https://upload-firebasehosting.googleapis.com/upload/sites/rp-site-11597/versions/1749861d6f8d6426/files/fc263a60e04b3db705dcb4bcba765f82fbe8a97c7f1220c679573c27ca14b5e9 [none]
[debug] [2026-03-29T23:59:51.419Z] >>> [apiv2][body] POST https://upload-firebasehosting.googleapis.com/upload/sites/rp-site-11597/versions/1749861d6f8d6426/files/fc263a60e04b3db705dcb4bcba765f82fbe8a97c7f1220c679573c27ca14b5e9 [stream]
[debug] [2026-03-29T23:59:51.419Z] [hosting][populate queue][FINAL] {"max":1471,"min":1471,"avg":1471,"active":0,"complete":1,"success":1,"errored":0,"retried":0,"total":1,"elapsed":1472}
[debug] [2026-03-29T23:59:51.419Z] [hosting] uploads queued: 2
[debug] [2026-03-29T23:59:53.150Z] <<< [apiv2][status] POST https://upload-firebasehosting.googleapis.com/upload/sites/rp-site-11597/versions/1749861d6f8d6426/files/fc263a60e04b3db705dcb4bcba765f82fbe8a97c7f1220c679573c27ca14b5e9 200
[debug] [2026-03-29T23:59:53.150Z] <<< [apiv2][body] POST https://upload-firebasehosting.googleapis.com/upload/sites/rp-site-11597/versions/1749861d6f8d6426/files/fc263a60e04b3db705dcb4bcba765f82fbe8a97c7f1220c679573c27ca14b5e9 [stream]
[debug] [2026-03-29T23:59:53.862Z] <<< [apiv2][status] POST https://upload-firebasehosting.googleapis.com/upload/sites/rp-site-11597/versions/1749861d6f8d6426/files/0858ad6d5801e100184bb8ab4b07ff5544254d8bbdfc10c86551413b7f2fbb1b 200
[debug] [2026-03-29T23:59:53.862Z] <<< [apiv2][body] POST https://upload-firebasehosting.googleapis.com/upload/sites/rp-site-11597/versions/1749861d6f8d6426/files/0858ad6d5801e100184bb8ab4b07ff5544254d8bbdfc10c86551413b7f2fbb1b [stream]
[debug] [2026-03-29T23:59:53.862Z] [hosting][upload queue][FINAL] {"max":2444,"min":1732,"avg":2088,"active":0,"complete":2,"success":2,"errored":0,"retried":0,"total":2,"elapsed":2444}
[info] ✔  hosting[rp-site-11597]: file upload complete 
[debug] [2026-03-29T23:59:53.862Z] [hosting] deploy completed after 3941ms
[info] i  functions: updating Node.js 20 (2nd Gen) function api(us-central1)... 
[debug] [2026-03-29T23:59:53.864Z] Checked if tokens are valid: true, expires at: 1774830791769
[debug] [2026-03-29T23:59:53.864Z] Checked if tokens are valid: true, expires at: 1774830791769
[debug] [2026-03-29T23:59:53.864Z] >>> [apiv2][query] PATCH https://cloudfunctions.googleapis.com/v2/projects/rp-site-11597/locations/us-central1/functions/api updateMask=name%2CbuildConfig.runtime%2CbuildConfig.entryPoint%2CbuildConfig.source.storageSource.bucket%2CbuildConfig.source.storageSource.object%2CbuildConfig.environmentVariables%2CbuildConfig.sourceToken%2CserviceConfig.environmentVariables%2CserviceConfig.ingressSettings%2CserviceConfig.timeoutSeconds%2CserviceConfig.serviceAccountEmail%2CserviceConfig.availableMemory%2CserviceConfig.minInstanceCount%2CserviceConfig.maxInstanceCount%2CserviceConfig.maxInstanceRequestConcurrency%2CserviceConfig.availableCpu%2CserviceConfig.vpcConnector%2CserviceConfig.vpcConnectorEgressSettings%2CserviceConfig.directVpcNetworkInterface%2CserviceConfig.directVpcEgress%2Clabels
[debug] [2026-03-29T23:59:53.864Z] >>> [apiv2][body] PATCH https://cloudfunctions.googleapis.com/v2/projects/rp-site-11597/locations/us-central1/functions/api {"name":"projects/rp-site-11597/locations/us-central1/functions/api","buildConfig":{"runtime":"nodejs20","entryPoint":"api","source":{"storageSource":{"bucket":"gcf-v2-uploads-49475822003.us-central1.cloudfunctions.appspot.com","object":"09ea1d15-f9c1-47ea-9f2d-88cc5845ae36.zip"}},"environmentVariables":{"GOOGLE_NODE_RUN_SCRIPTS":""}},"serviceConfig":{"environmentVariables":{"MONGO_URI":"mongodb+srv://sanjaynegi1985_db_user:q2tP0dmcpEsUAuZZ@rp-45.5tc04st.mongodb.net/?appName=rp-45","JWT_SECRET":"supersecret_jwt_key_royal_presidency","FIREBASE_CONFIG":"{\"projectId\":\"rp-site-11597\",\"storageBucket\":\"rp-site-11597.firebasestorage.app\"}","GCLOUD_PROJECT":"rp-site-11597","EVENTARC_CLOUD_EVENT_SOURCE":"projects/rp-site-11597/locations/us-central1/services/api","FUNCTION_TARGET":"api","LOG_EXECUTION_ID":"true"},"ingressSettings":null,"timeoutSeconds":null,"serviceAccountEmail":null,"availableMemory":"256Mi","minInstanceCount":null,"maxInstanceCount":null,"maxInstanceRequestConcurrency":80,"availableCpu":"1","vpcConnector":null,"vpcConnectorEgressSettings":null,"directVpcNetworkInterface":null,"directVpcEgress":null},"labels":{"deployment-tool":"cli-firebase","firebase-functions-hash":"ad3e1d4d8427955d920090cc6ed08084311047c6"}}
[debug] [2026-03-29T23:59:56.166Z] <<< [apiv2][status] PATCH https://cloudfunctions.googleapis.com/v2/projects/rp-site-11597/locations/us-central1/functions/api 200
[debug] [2026-03-29T23:59:56.167Z] <<< [apiv2][body] PATCH https://cloudfunctions.googleapis.com/v2/projects/rp-site-11597/locations/us-central1/functions/api {"name":"projects/rp-site-11597/locations/us-central1/operations/operation-1774828795241-64e3287e0a550-1c1bf0f5-d06b3db9","metadata":{"@type":"type.googleapis.com/google.cloud.functions.v2.OperationMetadata","createTime":"2026-03-29T23:59:55.994589889Z","target":"projects/rp-site-11597/locations/us-central1/functions/api","verb":"update","cancelRequested":false,"apiVersion":"v2"},"done":false}
[debug] [2026-03-29T23:59:56.168Z] Checked if tokens are valid: true, expires at: 1774830791769
[debug] [2026-03-29T23:59:56.168Z] Checked if tokens are valid: true, expires at: 1774830791769
[debug] [2026-03-29T23:59:56.168Z] >>> [apiv2][query] GET https://cloudfunctions.googleapis.com/v2/projects/rp-site-11597/locations/us-central1/operations/operation-1774828795241-64e3287e0a550-1c1bf0f5-d06b3db9 [none]
[debug] [2026-03-29T23:59:57.765Z] <<< [apiv2][status] GET https://cloudfunctions.googleapis.com/v2/projects/rp-site-11597/locations/us-central1/operations/operation-1774828795241-64e3287e0a550-1c1bf0f5-d06b3db9 200
[debug] [2026-03-29T23:59:57.766Z] <<< [apiv2][body] GET https://cloudfunctions.googleapis.com/v2/projects/rp-site-11597/locations/us-central1/operations/operation-1774828795241-64e3287e0a550-1c1bf0f5-d06b3db9 {"name":"projects/rp-site-11597/locations/us-central1/operations/operation-1774828795241-64e3287e0a550-1c1bf0f5-d06b3db9","metadata":{"@type":"type.googleapis.com/google.cloud.functions.v2.OperationMetadata","createTime":"2026-03-29T23:59:55.994589889Z","target":"projects/rp-site-11597/locations/us-central1/functions/api","verb":"update","cancelRequested":false,"apiVersion":"v2","requestResource":{"@type":"type.googleapis.com/google.cloud.functions.v2.Function","name":"projects/rp-site-11597/locations/us-central1/functions/api","buildConfig":{"runtime":"nodejs20","entryPoint":"api","source":{"storageSource":{"bucket":"gcf-v2-sources-49475822003-us-central1","object":"api/function-source.zip","generation":"1774828795953378"}},"environmentVariables":{"GOOGLE_NODE_RUN_SCRIPTS":""},"dockerRepository":"projects/rp-site-11597/locations/us-central1/repositories/gcf-artifacts","sourceProvenance":{"resolvedStorageSource":{"bucket":"gcf-v2-sources-49475822003-us-central1","object":"api/function-source.zip","generation":"1774827972880858"}},"dockerRegistry":"ARTIFACT_REGISTRY","serviceAccount":"projects/rp-site-11597/serviceAccounts/49475822003-compute@developer.gserviceaccount.com","automaticUpdatePolicy":{}},"serviceConfig":{"service":"projects/rp-site-11597/locations/us-central1/services/api","timeoutSeconds":60,"environmentVariables":{"MONGO_URI":"mongodb+srv://sanjaynegi1985_db_user:q2tP0dmcpEsUAuZZ@rp-45.5tc04st.mongodb.net/?appName=rp-45","JWT_SECRET":"supersecret_jwt_key_royal_presidency","FIREBASE_CONFIG":"{\"projectId\":\"rp-site-11597\",\"storageBucket\":\"rp-site-11597.firebasestorage.app\"}","GCLOUD_PROJECT":"rp-site-11597","EVENTARC_CLOUD_EVENT_SOURCE":"projects/rp-site-11597/locations/us-central1/services/api","FUNCTION_TARGET":"api","LOG_EXECUTION_ID":"true"},"ingressSettings":"ALLOW_ALL","uri":"https://api-7o6kmgwzya-uc.a.run.app","serviceAccountEmail":"49475822003-compute@developer.gserviceaccount.com","availableMemory":"256Mi","allTrafficOnLatestRevision":true,"revision":"api-00013-vey","maxInstanceRequestConcurrency":80,"availableCpu":"1"},"state":"ACTIVE","labels":{"deployment-tool":"cloud-console","firebase-functions-hash":"ad3e1d4d8427955d920090cc6ed08084311047c6"},"environment":"GEN_2","url":"https://us-central1-rp-site-11597.cloudfunctions.net/api","satisfiesPzi":true},"stages":[{"name":"BUILD","message":"Build in progress","state":"IN_PROGRESS","resource":"projects/49475822003/locations/us-central1/builds/b0ea6853-3b86-44f0-879e-1f9c5637b3f0","resourceUri":"https://console.cloud.google.com/cloud-build/builds;region=us-central1/b0ea6853-3b86-44f0-879e-1f9c5637b3f0?project=49475822003"},{"name":"SERVICE","state":"NOT_STARTED"}],"operationType":"UPDATE_FUNCTION","buildName":"projects/49475822003/locations/us-central1/builds/b0ea6853-3b86-44f0-879e-1f9c5637b3f0"},"done":false}
[debug] [2026-03-29T23:59:58.267Z] [update-default-us-central1-api] Retrying task index 0
[debug] [2026-03-29T23:59:58.268Z] Checked if tokens are valid: true, expires at: 1774830791769
[debug] [2026-03-29T23:59:58.268Z] Checked if tokens are valid: true, expires at: 1774830791769
[debug] [2026-03-29T23:59:58.268Z] >>> [apiv2][query] GET https://cloudfunctions.googleapis.com/v2/projects/rp-site-11597/locations/us-central1/operations/operation-1774828795241-64e3287e0a550-1c1bf0f5-d06b3db9 [none]
[debug] [2026-03-29T23:59:59.592Z] <<< [apiv2][status] GET https://cloudfunctions.googleapis.com/v2/projects/rp-site-11597/locations/us-central1/operations/operation-1774828795241-64e3287e0a550-1c1bf0f5-d06b3db9 200
[debug] [2026-03-29T23:59:59.592Z] <<< [apiv2][body] GET https://cloudfunctions.googleapis.com/v2/projects/rp-site-11597/locations/us-central1/operations/operation-1774828795241-64e3287e0a550-1c1bf0f5-d06b3db9 {"name":"projects/rp-site-11597/locations/us-central1/operations/operation-1774828795241-64e3287e0a550-1c1bf0f5-d06b3db9","metadata":{"@type":"type.googleapis.com/google.cloud.functions.v2.OperationMetadata","createTime":"2026-03-29T23:59:55.994589889Z","target":"projects/rp-site-11597/locations/us-central1/functions/api","verb":"update","cancelRequested":false,"apiVersion":"v2","requestResource":{"@type":"type.googleapis.com/google.cloud.functions.v2.Function","name":"projects/rp-site-11597/locations/us-central1/functions/api","buildConfig":{"runtime":"nodejs20","entryPoint":"api","source":{"storageSource":{"bucket":"gcf-v2-sources-49475822003-us-central1","object":"api/function-source.zip","generation":"1774828795953378"}},"environmentVariables":{"GOOGLE_NODE_RUN_SCRIPTS":""},"dockerRepository":"projects/rp-site-11597/locations/us-central1/repositories/gcf-artifacts","sourceProvenance":{"resolvedStorageSource":{"bucket":"gcf-v2-sources-49475822003-us-central1","object":"api/function-source.zip","generation":"1774827972880858"}},"dockerRegistry":"ARTIFACT_REGISTRY","serviceAccount":"projects/rp-site-11597/serviceAccounts/49475822003-compute@developer.gserviceaccount.com","automaticUpdatePolicy":{}},"serviceConfig":{"service":"projects/rp-site-11597/locations/us-central1/services/api","timeoutSeconds":60,"environmentVariables":{"MONGO_URI":"mongodb+srv://sanjaynegi1985_db_user:q2tP0dmcpEsUAuZZ@rp-45.5tc04st.mongodb.net/?appName=rp-45","JWT_SECRET":"supersecret_jwt_key_royal_presidency","FIREBASE_CONFIG":"{\"projectId\":\"rp-site-11597\",\"storageBucket\":\"rp-site-11597.firebasestorage.app\"}","GCLOUD_PROJECT":"rp-site-11597","EVENTARC_CLOUD_EVENT_SOURCE":"projects/rp-site-11597/locations/us-central1/services/api","FUNCTION_TARGET":"api","LOG_EXECUTION_ID":"true"},"ingressSettings":"ALLOW_ALL","uri":"https://api-7o6kmgwzya-uc.a.run.app","serviceAccountEmail":"49475822003-compute@developer.gserviceaccount.com","availableMemory":"256Mi","allTrafficOnLatestRevision":true,"revision":"api-00013-vey","maxInstanceRequestConcurrency":80,"availableCpu":"1"},"state":"ACTIVE","labels":{"deployment-tool":"cloud-console","firebase-functions-hash":"ad3e1d4d8427955d920090cc6ed08084311047c6"},"environment":"GEN_2","url":"https://us-central1-rp-site-11597.cloudfunctions.net/api","satisfiesPzi":true},"stages":[{"name":"BUILD","message":"Build in progress","state":"IN_PROGRESS","resource":"projects/49475822003/locations/us-central1/builds/b0ea6853-3b86-44f0-879e-1f9c5637b3f0","resourceUri":"https://console.cloud.google.com/cloud-build/builds;region=us-central1/b0ea6853-3b86-44f0-879e-1f9c5637b3f0?project=49475822003"},{"name":"SERVICE","state":"NOT_STARTED"}],"operationType":"UPDATE_FUNCTION","buildName":"projects/49475822003/locations/us-central1/builds/b0ea6853-3b86-44f0-879e-1f9c5637b3f0"},"done":false}
[debug] [2026-03-30T00:00:00.594Z] [update-default-us-central1-api] Retrying task index 0
[debug] [2026-03-30T00:00:00.595Z] Checked if tokens are valid: true, expires at: 1774830791769
[debug] [2026-03-30T00:00:00.595Z] Checked if tokens are valid: true, expires at: 1774830791769
[debug] [2026-03-30T00:00:00.595Z] >>> [apiv2][query] GET https://cloudfunctions.googleapis.com/v2/projects/rp-site-11597/locations/us-central1/operations/operation-1774828795241-64e3287e0a550-1c1bf0f5-d06b3db9 [none]
[debug] [2026-03-30T00:00:01.960Z] <<< [apiv2][status] GET https://cloudfunctions.googleapis.com/v2/projects/rp-site-11597/locations/us-central1/operations/operation-1774828795241-64e3287e0a550-1c1bf0f5-d06b3db9 200
[debug] [2026-03-30T00:00:01.961Z] <<< [apiv2][body] GET https://cloudfunctions.googleapis.com/v2/projects/rp-site-11597/locations/us-central1/operations/operation-1774828795241-64e3287e0a550-1c1bf0f5-d06b3db9 {"name":"projects/rp-site-11597/locations/us-central1/operations/operation-1774828795241-64e3287e0a550-1c1bf0f5-d06b3db9","metadata":{"@type":"type.googleapis.com/google.cloud.functions.v2.OperationMetadata","createTime":"2026-03-29T23:59:55.994589889Z","target":"projects/rp-site-11597/locations/us-central1/functions/api","verb":"update","cancelRequested":false,"apiVersion":"v2","requestResource":{"@type":"type.googleapis.com/google.cloud.functions.v2.Function","name":"projects/rp-site-11597/locations/us-central1/functions/api","buildConfig":{"runtime":"nodejs20","entryPoint":"api","source":{"storageSource":{"bucket":"gcf-v2-sources-49475822003-us-central1","object":"api/function-source.zip","generation":"1774828795953378"}},"environmentVariables":{"GOOGLE_NODE_RUN_SCRIPTS":""},"dockerRepository":"projects/rp-site-11597/locations/us-central1/repositories/gcf-artifacts","sourceProvenance":{"resolvedStorageSource":{"bucket":"gcf-v2-sources-49475822003-us-central1","object":"api/function-source.zip","generation":"1774827972880858"}},"dockerRegistry":"ARTIFACT_REGISTRY","serviceAccount":"projects/rp-site-11597/serviceAccounts/49475822003-compute@developer.gserviceaccount.com","automaticUpdatePolicy":{}},"serviceConfig":{"service":"projects/rp-site-11597/locations/us-central1/services/api","timeoutSeconds":60,"environmentVariables":{"MONGO_URI":"mongodb+srv://sanjaynegi1985_db_user:q2tP0dmcpEsUAuZZ@rp-45.5tc04st.mongodb.net/?appName=rp-45","JWT_SECRET":"supersecret_jwt_key_royal_presidency","FIREBASE_CONFIG":"{\"projectId\":\"rp-site-11597\",\"storageBucket\":\"rp-site-11597.firebasestorage.app\"}","GCLOUD_PROJECT":"rp-site-11597","EVENTARC_CLOUD_EVENT_SOURCE":"projects/rp-site-11597/locations/us-central1/services/api","FUNCTION_TARGET":"api","LOG_EXECUTION_ID":"true"},"ingressSettings":"ALLOW_ALL","uri":"https://api-7o6kmgwzya-uc.a.run.app","serviceAccountEmail":"49475822003-compute@developer.gserviceaccount.com","availableMemory":"256Mi","allTrafficOnLatestRevision":true,"revision":"api-00013-vey","maxInstanceRequestConcurrency":80,"availableCpu":"1"},"state":"ACTIVE","labels":{"deployment-tool":"cloud-console","firebase-functions-hash":"ad3e1d4d8427955d920090cc6ed08084311047c6"},"environment":"GEN_2","url":"https://us-central1-rp-site-11597.cloudfunctions.net/api","satisfiesPzi":true},"stages":[{"name":"BUILD","message":"Build in progress","state":"IN_PROGRESS","resource":"projects/49475822003/locations/us-central1/builds/b0ea6853-3b86-44f0-879e-1f9c5637b3f0","resourceUri":"https://console.cloud.google.com/cloud-build/builds;region=us-central1/b0ea6853-3b86-44f0-879e-1f9c5637b3f0?project=49475822003"},{"name":"SERVICE","state":"NOT_STARTED"}],"operationType":"UPDATE_FUNCTION","buildName":"projects/49475822003/locations/us-central1/builds/b0ea6853-3b86-44f0-879e-1f9c5637b3f0"},"done":false}
[debug] [2026-03-30T00:00:03.961Z] [update-default-us-central1-api] Retrying task index 0
[debug] [2026-03-30T00:00:03.962Z] Checked if tokens are valid: true, expires at: 1774830791769
[debug] [2026-03-30T00:00:03.962Z] Checked if tokens are valid: true, expires at: 1774830791769
[debug] [2026-03-30T00:00:03.962Z] >>> [apiv2][query] GET https://cloudfunctions.googleapis.com/v2/projects/rp-site-11597/locations/us-central1/operations/operation-1774828795241-64e3287e0a550-1c1bf0f5-d06b3db9 [none]
[debug] [2026-03-30T00:00:05.339Z] <<< [apiv2][status] GET https://cloudfunctions.googleapis.com/v2/projects/rp-site-11597/locations/us-central1/operations/operation-1774828795241-64e3287e0a550-1c1bf0f5-d06b3db9 200
[debug] [2026-03-30T00:00:05.339Z] <<< [apiv2][body] GET https://cloudfunctions.googleapis.com/v2/projects/rp-site-11597/locations/us-central1/operations/operation-1774828795241-64e3287e0a550-1c1bf0f5-d06b3db9 {"name":"projects/rp-site-11597/locations/us-central1/operations/operation-1774828795241-64e3287e0a550-1c1bf0f5-d06b3db9","metadata":{"@type":"type.googleapis.com/google.cloud.functions.v2.OperationMetadata","createTime":"2026-03-29T23:59:55.994589889Z","target":"projects/rp-site-11597/locations/us-central1/functions/api","verb":"update","cancelRequested":false,"apiVersion":"v2","requestResource":{"@type":"type.googleapis.com/google.cloud.functions.v2.Function","name":"projects/rp-site-11597/locations/us-central1/functions/api","buildConfig":{"runtime":"nodejs20","entryPoint":"api","source":{"storageSource":{"bucket":"gcf-v2-sources-49475822003-us-central1","object":"api/function-source.zip","generation":"1774828795953378"}},"environmentVariables":{"GOOGLE_NODE_RUN_SCRIPTS":""},"dockerRepository":"projects/rp-site-11597/locations/us-central1/repositories/gcf-artifacts","sourceProvenance":{"resolvedStorageSource":{"bucket":"gcf-v2-sources-49475822003-us-central1","object":"api/function-source.zip","generation":"1774827972880858"}},"dockerRegistry":"ARTIFACT_REGISTRY","serviceAccount":"projects/rp-site-11597/serviceAccounts/49475822003-compute@developer.gserviceaccount.com","automaticUpdatePolicy":{}},"serviceConfig":{"service":"projects/rp-site-11597/locations/us-central1/services/api","timeoutSeconds":60,"environmentVariables":{"MONGO_URI":"mongodb+srv://sanjaynegi1985_db_user:q2tP0dmcpEsUAuZZ@rp-45.5tc04st.mongodb.net/?appName=rp-45","JWT_SECRET":"supersecret_jwt_key_royal_presidency","FIREBASE_CONFIG":"{\"projectId\":\"rp-site-11597\",\"storageBucket\":\"rp-site-11597.firebasestorage.app\"}","GCLOUD_PROJECT":"rp-site-11597","EVENTARC_CLOUD_EVENT_SOURCE":"projects/rp-site-11597/locations/us-central1/services/api","FUNCTION_TARGET":"api","LOG_EXECUTION_ID":"true"},"ingressSettings":"ALLOW_ALL","uri":"https://api-7o6kmgwzya-uc.a.run.app","serviceAccountEmail":"49475822003-compute@developer.gserviceaccount.com","availableMemory":"256Mi","allTrafficOnLatestRevision":true,"revision":"api-00013-vey","maxInstanceRequestConcurrency":80,"availableCpu":"1"},"state":"ACTIVE","labels":{"deployment-tool":"cloud-console","firebase-functions-hash":"ad3e1d4d8427955d920090cc6ed08084311047c6"},"environment":"GEN_2","url":"https://us-central1-rp-site-11597.cloudfunctions.net/api","satisfiesPzi":true},"stages":[{"name":"BUILD","message":"Build in progress","state":"IN_PROGRESS","resource":"projects/49475822003/locations/us-central1/builds/b0ea6853-3b86-44f0-879e-1f9c5637b3f0","resourceUri":"https://console.cloud.google.com/cloud-build/builds;region=us-central1/b0ea6853-3b86-44f0-879e-1f9c5637b3f0?project=49475822003"},{"name":"SERVICE","state":"NOT_STARTED"}],"operationType":"UPDATE_FUNCTION","buildName":"projects/49475822003/locations/us-central1/builds/b0ea6853-3b86-44f0-879e-1f9c5637b3f0"},"done":false}
[debug] [2026-03-30T00:00:09.341Z] [update-default-us-central1-api] Retrying task index 0
[debug] [2026-03-30T00:00:09.342Z] Checked if tokens are valid: true, expires at: 1774830791769
[debug] [2026-03-30T00:00:09.342Z] Checked if tokens are valid: true, expires at: 1774830791769
[debug] [2026-03-30T00:00:09.342Z] >>> [apiv2][query] GET https://cloudfunctions.googleapis.com/v2/projects/rp-site-11597/locations/us-central1/operations/operation-1774828795241-64e3287e0a550-1c1bf0f5-d06b3db9 [none]
[debug] [2026-03-30T00:00:10.701Z] <<< [apiv2][status] GET https://cloudfunctions.googleapis.com/v2/projects/rp-site-11597/locations/us-central1/operations/operation-1774828795241-64e3287e0a550-1c1bf0f5-d06b3db9 200
[debug] [2026-03-30T00:00:10.701Z] <<< [apiv2][body] GET https://cloudfunctions.googleapis.com/v2/projects/rp-site-11597/locations/us-central1/operations/operation-1774828795241-64e3287e0a550-1c1bf0f5-d06b3db9 {"name":"projects/rp-site-11597/locations/us-central1/operations/operation-1774828795241-64e3287e0a550-1c1bf0f5-d06b3db9","metadata":{"@type":"type.googleapis.com/google.cloud.functions.v2.OperationMetadata","createTime":"2026-03-29T23:59:55.994589889Z","target":"projects/rp-site-11597/locations/us-central1/functions/api","verb":"update","cancelRequested":false,"apiVersion":"v2","requestResource":{"@type":"type.googleapis.com/google.cloud.functions.v2.Function","name":"projects/rp-site-11597/locations/us-central1/functions/api","buildConfig":{"runtime":"nodejs20","entryPoint":"api","source":{"storageSource":{"bucket":"gcf-v2-sources-49475822003-us-central1","object":"api/function-source.zip","generation":"1774828795953378"}},"environmentVariables":{"GOOGLE_NODE_RUN_SCRIPTS":""},"dockerRepository":"projects/rp-site-11597/locations/us-central1/repositories/gcf-artifacts","sourceProvenance":{"resolvedStorageSource":{"bucket":"gcf-v2-sources-49475822003-us-central1","object":"api/function-source.zip","generation":"1774827972880858"}},"dockerRegistry":"ARTIFACT_REGISTRY","serviceAccount":"projects/rp-site-11597/serviceAccounts/49475822003-compute@developer.gserviceaccount.com","automaticUpdatePolicy":{}},"serviceConfig":{"service":"projects/rp-site-11597/locations/us-central1/services/api","timeoutSeconds":60,"environmentVariables":{"MONGO_URI":"mongodb+srv://sanjaynegi1985_db_user:q2tP0dmcpEsUAuZZ@rp-45.5tc04st.mongodb.net/?appName=rp-45","JWT_SECRET":"supersecret_jwt_key_royal_presidency","FIREBASE_CONFIG":"{\"projectId\":\"rp-site-11597\",\"storageBucket\":\"rp-site-11597.firebasestorage.app\"}","GCLOUD_PROJECT":"rp-site-11597","EVENTARC_CLOUD_EVENT_SOURCE":"projects/rp-site-11597/locations/us-central1/services/api","FUNCTION_TARGET":"api","LOG_EXECUTION_ID":"true"},"ingressSettings":"ALLOW_ALL","uri":"https://api-7o6kmgwzya-uc.a.run.app","serviceAccountEmail":"49475822003-compute@developer.gserviceaccount.com","availableMemory":"256Mi","allTrafficOnLatestRevision":true,"revision":"api-00013-vey","maxInstanceRequestConcurrency":80,"availableCpu":"1"},"state":"ACTIVE","labels":{"deployment-tool":"cloud-console","firebase-functions-hash":"ad3e1d4d8427955d920090cc6ed08084311047c6"},"environment":"GEN_2","url":"https://us-central1-rp-site-11597.cloudfunctions.net/api","satisfiesPzi":true},"stages":[{"name":"BUILD","message":"Build in progress","state":"IN_PROGRESS","resource":"projects/49475822003/locations/us-central1/builds/b0ea6853-3b86-44f0-879e-1f9c5637b3f0","resourceUri":"https://console.cloud.google.com/cloud-build/builds;region=us-central1/b0ea6853-3b86-44f0-879e-1f9c5637b3f0?project=49475822003"},{"name":"SERVICE","state":"NOT_STARTED"}],"operationType":"UPDATE_FUNCTION","buildName":"projects/49475822003/locations/us-central1/builds/b0ea6853-3b86-44f0-879e-1f9c5637b3f0"},"done":false}
[debug] [2026-03-30T00:00:18.702Z] [update-default-us-central1-api] Retrying task index 0
[debug] [2026-03-30T00:00:18.703Z] Checked if tokens are valid: true, expires at: 1774830791769
[debug] [2026-03-30T00:00:18.703Z] Checked if tokens are valid: true, expires at: 1774830791769
[debug] [2026-03-30T00:00:18.703Z] >>> [apiv2][query] GET https://cloudfunctions.googleapis.com/v2/projects/rp-site-11597/locations/us-central1/operations/operation-1774828795241-64e3287e0a550-1c1bf0f5-d06b3db9 [none]
[debug] [2026-03-30T00:00:20.237Z] <<< [apiv2][status] GET https://cloudfunctions.googleapis.com/v2/projects/rp-site-11597/locations/us-central1/operations/operation-1774828795241-64e3287e0a550-1c1bf0f5-d06b3db9 200
[debug] [2026-03-30T00:00:20.237Z] <<< [apiv2][body] GET https://cloudfunctions.googleapis.com/v2/projects/rp-site-11597/locations/us-central1/operations/operation-1774828795241-64e3287e0a550-1c1bf0f5-d06b3db9 {"name":"projects/rp-site-11597/locations/us-central1/operations/operation-1774828795241-64e3287e0a550-1c1bf0f5-d06b3db9","metadata":{"@type":"type.googleapis.com/google.cloud.functions.v2.OperationMetadata","createTime":"2026-03-29T23:59:55.994589889Z","target":"projects/rp-site-11597/locations/us-central1/functions/api","verb":"update","cancelRequested":false,"apiVersion":"v2","requestResource":{"@type":"type.googleapis.com/google.cloud.functions.v2.Function","name":"projects/rp-site-11597/locations/us-central1/functions/api","buildConfig":{"runtime":"nodejs20","entryPoint":"api","source":{"storageSource":{"bucket":"gcf-v2-sources-49475822003-us-central1","object":"api/function-source.zip","generation":"1774828795953378"}},"environmentVariables":{"GOOGLE_NODE_RUN_SCRIPTS":""},"dockerRepository":"projects/rp-site-11597/locations/us-central1/repositories/gcf-artifacts","sourceProvenance":{"resolvedStorageSource":{"bucket":"gcf-v2-sources-49475822003-us-central1","object":"api/function-source.zip","generation":"1774827972880858"}},"dockerRegistry":"ARTIFACT_REGISTRY","serviceAccount":"projects/rp-site-11597/serviceAccounts/49475822003-compute@developer.gserviceaccount.com","automaticUpdatePolicy":{}},"serviceConfig":{"service":"projects/rp-site-11597/locations/us-central1/services/api","timeoutSeconds":60,"environmentVariables":{"MONGO_URI":"mongodb+srv://sanjaynegi1985_db_user:q2tP0dmcpEsUAuZZ@rp-45.5tc04st.mongodb.net/?appName=rp-45","JWT_SECRET":"supersecret_jwt_key_royal_presidency","FIREBASE_CONFIG":"{\"projectId\":\"rp-site-11597\",\"storageBucket\":\"rp-site-11597.firebasestorage.app\"}","GCLOUD_PROJECT":"rp-site-11597","EVENTARC_CLOUD_EVENT_SOURCE":"projects/rp-site-11597/locations/us-central1/services/api","FUNCTION_TARGET":"api","LOG_EXECUTION_ID":"true"},"ingressSettings":"ALLOW_ALL","uri":"https://api-7o6kmgwzya-uc.a.run.app","serviceAccountEmail":"49475822003-compute@developer.gserviceaccount.com","availableMemory":"256Mi","allTrafficOnLatestRevision":true,"revision":"api-00013-vey","maxInstanceRequestConcurrency":80,"availableCpu":"1"},"state":"ACTIVE","labels":{"deployment-tool":"cloud-console","firebase-functions-hash":"ad3e1d4d8427955d920090cc6ed08084311047c6"},"environment":"GEN_2","url":"https://us-central1-rp-site-11597.cloudfunctions.net/api","satisfiesPzi":true},"stages":[{"name":"BUILD","message":"Build in progress","state":"IN_PROGRESS","resource":"projects/49475822003/locations/us-central1/builds/b0ea6853-3b86-44f0-879e-1f9c5637b3f0","resourceUri":"https://console.cloud.google.com/cloud-build/builds;region=us-central1/b0ea6853-3b86-44f0-879e-1f9c5637b3f0?project=49475822003"},{"name":"SERVICE","state":"NOT_STARTED"}],"operationType":"UPDATE_FUNCTION","buildName":"projects/49475822003/locations/us-central1/builds/b0ea6853-3b86-44f0-879e-1f9c5637b3f0"},"done":false}
[debug] [2026-03-30T00:00:30.238Z] [update-default-us-central1-api] Retrying task index 0
[debug] [2026-03-30T00:00:30.239Z] Checked if tokens are valid: true, expires at: 1774830791769
[debug] [2026-03-30T00:00:30.239Z] Checked if tokens are valid: true, expires at: 1774830791769
[debug] [2026-03-30T00:00:30.239Z] >>> [apiv2][query] GET https://cloudfunctions.googleapis.com/v2/projects/rp-site-11597/locations/us-central1/operations/operation-1774828795241-64e3287e0a550-1c1bf0f5-d06b3db9 [none]
[debug] [2026-03-30T00:00:31.647Z] <<< [apiv2][status] GET https://cloudfunctions.googleapis.com/v2/projects/rp-site-11597/locations/us-central1/operations/operation-1774828795241-64e3287e0a550-1c1bf0f5-d06b3db9 200
[debug] [2026-03-30T00:00:31.647Z] <<< [apiv2][body] GET https://cloudfunctions.googleapis.com/v2/projects/rp-site-11597/locations/us-central1/operations/operation-1774828795241-64e3287e0a550-1c1bf0f5-d06b3db9 {"name":"projects/rp-site-11597/locations/us-central1/operations/operation-1774828795241-64e3287e0a550-1c1bf0f5-d06b3db9","metadata":{"@type":"type.googleapis.com/google.cloud.functions.v2.OperationMetadata","createTime":"2026-03-29T23:59:55.994589889Z","target":"projects/rp-site-11597/locations/us-central1/functions/api","verb":"update","cancelRequested":false,"apiVersion":"v2","requestResource":{"@type":"type.googleapis.com/google.cloud.functions.v2.Function","name":"projects/rp-site-11597/locations/us-central1/functions/api","buildConfig":{"runtime":"nodejs20","entryPoint":"api","source":{"storageSource":{"bucket":"gcf-v2-sources-49475822003-us-central1","object":"api/function-source.zip","generation":"1774828795953378"}},"environmentVariables":{"GOOGLE_NODE_RUN_SCRIPTS":""},"dockerRepository":"projects/rp-site-11597/locations/us-central1/repositories/gcf-artifacts","sourceProvenance":{"resolvedStorageSource":{"bucket":"gcf-v2-sources-49475822003-us-central1","object":"api/function-source.zip","generation":"1774827972880858"}},"dockerRegistry":"ARTIFACT_REGISTRY","serviceAccount":"projects/rp-site-11597/serviceAccounts/49475822003-compute@developer.gserviceaccount.com","automaticUpdatePolicy":{}},"serviceConfig":{"service":"projects/rp-site-11597/locations/us-central1/services/api","timeoutSeconds":60,"environmentVariables":{"MONGO_URI":"mongodb+srv://sanjaynegi1985_db_user:q2tP0dmcpEsUAuZZ@rp-45.5tc04st.mongodb.net/?appName=rp-45","JWT_SECRET":"supersecret_jwt_key_royal_presidency","FIREBASE_CONFIG":"{\"projectId\":\"rp-site-11597\",\"storageBucket\":\"rp-site-11597.firebasestorage.app\"}","GCLOUD_PROJECT":"rp-site-11597","EVENTARC_CLOUD_EVENT_SOURCE":"projects/rp-site-11597/locations/us-central1/services/api","FUNCTION_TARGET":"api","LOG_EXECUTION_ID":"true"},"ingressSettings":"ALLOW_ALL","uri":"https://api-7o6kmgwzya-uc.a.run.app","serviceAccountEmail":"49475822003-compute@developer.gserviceaccount.com","availableMemory":"256Mi","allTrafficOnLatestRevision":true,"revision":"api-00013-vey","maxInstanceRequestConcurrency":80,"availableCpu":"1"},"state":"ACTIVE","labels":{"deployment-tool":"cloud-console","firebase-functions-hash":"ad3e1d4d8427955d920090cc6ed08084311047c6"},"environment":"GEN_2","url":"https://us-central1-rp-site-11597.cloudfunctions.net/api","satisfiesPzi":true},"stages":[{"name":"BUILD","message":"Build in progress","state":"IN_PROGRESS","resource":"projects/49475822003/locations/us-central1/builds/b0ea6853-3b86-44f0-879e-1f9c5637b3f0","resourceUri":"https://console.cloud.google.com/cloud-build/builds;region=us-central1/b0ea6853-3b86-44f0-879e-1f9c5637b3f0?project=49475822003"},{"name":"SERVICE","state":"NOT_STARTED"}],"operationType":"UPDATE_FUNCTION","buildName":"projects/49475822003/locations/us-central1/builds/b0ea6853-3b86-44f0-879e-1f9c5637b3f0"},"done":false}
[debug] [2026-03-30T00:00:41.649Z] [update-default-us-central1-api] Retrying task index 0
[debug] [2026-03-30T00:00:41.650Z] Checked if tokens are valid: true, expires at: 1774830791769
[debug] [2026-03-30T00:00:41.650Z] Checked if tokens are valid: true, expires at: 1774830791769
[debug] [2026-03-30T00:00:41.650Z] >>> [apiv2][query] GET https://cloudfunctions.googleapis.com/v2/projects/rp-site-11597/locations/us-central1/operations/operation-1774828795241-64e3287e0a550-1c1bf0f5-d06b3db9 [none]
[debug] [2026-03-30T00:00:43.205Z] <<< [apiv2][status] GET https://cloudfunctions.googleapis.com/v2/projects/rp-site-11597/locations/us-central1/operations/operation-1774828795241-64e3287e0a550-1c1bf0f5-d06b3db9 200
[debug] [2026-03-30T00:00:43.205Z] <<< [apiv2][body] GET https://cloudfunctions.googleapis.com/v2/projects/rp-site-11597/locations/us-central1/operations/operation-1774828795241-64e3287e0a550-1c1bf0f5-d06b3db9 {"name":"projects/rp-site-11597/locations/us-central1/operations/operation-1774828795241-64e3287e0a550-1c1bf0f5-d06b3db9","metadata":{"@type":"type.googleapis.com/google.cloud.functions.v2.OperationMetadata","createTime":"2026-03-29T23:59:55.994589889Z","target":"projects/rp-site-11597/locations/us-central1/functions/api","verb":"update","cancelRequested":false,"apiVersion":"v2","requestResource":{"@type":"type.googleapis.com/google.cloud.functions.v2.Function","name":"projects/rp-site-11597/locations/us-central1/functions/api","buildConfig":{"runtime":"nodejs20","entryPoint":"api","source":{"storageSource":{"bucket":"gcf-v2-sources-49475822003-us-central1","object":"api/function-source.zip","generation":"1774828795953378"}},"environmentVariables":{"GOOGLE_NODE_RUN_SCRIPTS":""},"dockerRepository":"projects/rp-site-11597/locations/us-central1/repositories/gcf-artifacts","sourceProvenance":{"resolvedStorageSource":{"bucket":"gcf-v2-sources-49475822003-us-central1","object":"api/function-source.zip","generation":"1774827972880858"}},"dockerRegistry":"ARTIFACT_REGISTRY","serviceAccount":"projects/rp-site-11597/serviceAccounts/49475822003-compute@developer.gserviceaccount.com","automaticUpdatePolicy":{}},"serviceConfig":{"service":"projects/rp-site-11597/locations/us-central1/services/api","timeoutSeconds":60,"environmentVariables":{"MONGO_URI":"mongodb+srv://sanjaynegi1985_db_user:q2tP0dmcpEsUAuZZ@rp-45.5tc04st.mongodb.net/?appName=rp-45","JWT_SECRET":"supersecret_jwt_key_royal_presidency","FIREBASE_CONFIG":"{\"projectId\":\"rp-site-11597\",\"storageBucket\":\"rp-site-11597.firebasestorage.app\"}","GCLOUD_PROJECT":"rp-site-11597","EVENTARC_CLOUD_EVENT_SOURCE":"projects/rp-site-11597/locations/us-central1/services/api","FUNCTION_TARGET":"api","LOG_EXECUTION_ID":"true"},"ingressSettings":"ALLOW_ALL","uri":"https://api-7o6kmgwzya-uc.a.run.app","serviceAccountEmail":"49475822003-compute@developer.gserviceaccount.com","availableMemory":"256Mi","allTrafficOnLatestRevision":true,"revision":"api-00013-vey","maxInstanceRequestConcurrency":80,"availableCpu":"1"},"state":"ACTIVE","labels":{"deployment-tool":"cloud-console","firebase-functions-hash":"ad3e1d4d8427955d920090cc6ed08084311047c6"},"environment":"GEN_2","url":"https://us-central1-rp-site-11597.cloudfunctions.net/api","satisfiesPzi":true},"stages":[{"name":"BUILD","message":"Build in progress","state":"IN_PROGRESS","resource":"projects/49475822003/locations/us-central1/builds/b0ea6853-3b86-44f0-879e-1f9c5637b3f0","resourceUri":"https://console.cloud.google.com/cloud-build/builds;region=us-central1/b0ea6853-3b86-44f0-879e-1f9c5637b3f0?project=49475822003"},{"name":"SERVICE","state":"NOT_STARTED"}],"operationType":"UPDATE_FUNCTION","buildName":"projects/49475822003/locations/us-central1/builds/b0ea6853-3b86-44f0-879e-1f9c5637b3f0"},"done":false}
